<?xml version="1.0" encoding="UTF-8"?>
<!-- Generated by org.testng.reporters.JUnitXMLReporter -->
<testsuite hostname="admin-PC" ignored="0" name="Default test" tests="3" failures="0" timestamp="26 Apr 2021 12:56:29 GMT" time="14.292" errors="0">
  <testcase name="getCountrie" time="9.948" classname="com.countries.getAllCountries"/>
  <testcase name="getCountrie1" time="2.541" classname="com.countries.getAllCountries"/>
  <testcase name="getCountries" time="1.558" classname="com.countries.getAllCountries"/>
</testsuite> <!-- Default test -->
